<?xml version="1.0" encoding="UTF-8"?>
<robot generator="Robot 6.1.1 (Python 3.12.0 on win32)" generated="20231201 20:20:07.377" rpa="false" schemaversion="4">
<suite id="s1" name="LoginQMA testcase" source="F:\!Belajar\Robot\robotframeworkqma\tests\LoginQMA_testcase.robot">
<test id="s1-t1" name="LoginQMA" line="13">
<kw name="Open My Browser" library="login_resources" type="SETUP">
<kw name="Open Browser" library="SeleniumLibrary">
<arg>${QMA_URL}</arg>
<arg>${BROWSER}</arg>
<doc>Opens a new browser instance to the optional ``url``.</doc>
<msg timestamp="20231201 20:20:07.730" level="INFO">Opening browser 'chrome' to base url 'https://testingqa-office.nexcloud.id/testingqa/automation/webui/login'.</msg>
<status status="PASS" starttime="20231201 20:20:07.728" endtime="20231201 20:20:10.780"/>
</kw>
<kw name="Maximize Browser Window" library="SeleniumLibrary">
<doc>Maximizes current browser window.</doc>
<status status="PASS" starttime="20231201 20:20:10.780" endtime="20231201 20:20:10.953"/>
</kw>
<kw name="Page Should Contain" library="SeleniumLibrary">
<arg>${VERIFY_NEX}</arg>
<doc>Verifies that current page contains ``text``.</doc>
<msg timestamp="20231201 20:20:10.989" level="INFO">Current page contains text 'Nex'.</msg>
<status status="PASS" starttime="20231201 20:20:10.953" endtime="20231201 20:20:10.989"/>
</kw>
<status status="PASS" starttime="20231201 20:20:07.727" endtime="20231201 20:20:10.989"/>
</kw>
<kw name="Login">
<arg>${USERNAME}</arg>
<arg>${PASSWORD}</arg>
<kw name="Input Username" library="login_resources">
<arg>${username}</arg>
<kw name="Input Text" library="SeleniumLibrary">
<arg>${TEXTFIELD_USERNAME}</arg>
<arg>${username}</arg>
<doc>Types the given ``text`` into the text field identified by ``locator``.</doc>
<msg timestamp="20231201 20:20:10.991" level="INFO">Typing text 'daniel' into text field 'username'.</msg>
<status status="PASS" starttime="20231201 20:20:10.991" endtime="20231201 20:20:11.154"/>
</kw>
<status status="PASS" starttime="20231201 20:20:10.990" endtime="20231201 20:20:11.154"/>
</kw>
<kw name="Input Password" library="login_resources">
<arg>${password}</arg>
<kw name="Input Password" library="SeleniumLibrary">
<arg>${TEXTFIELD_PASSWORD}</arg>
<arg>${password}</arg>
<doc>Types the given password into the text field identified by ``locator``.</doc>
<msg timestamp="20231201 20:20:11.155" level="INFO">Typing password into text field 'password'.</msg>
<msg timestamp="20231201 20:20:11.224" level="INFO">Temporally setting log level to: NONE</msg>
<msg timestamp="20231201 20:20:11.322" level="INFO">Log level changed from NONE to INFO.</msg>
<status status="PASS" starttime="20231201 20:20:11.155" endtime="20231201 20:20:11.322"/>
</kw>
<status status="PASS" starttime="20231201 20:20:11.154" endtime="20231201 20:20:11.323"/>
</kw>
<kw name="Click Login Button" library="login_resources">
<kw name="Sleep" library="BuiltIn">
<arg>${TIMEOUT}</arg>
<doc>Pauses the test executed for the given time.</doc>
<msg timestamp="20231201 20:20:12.324" level="INFO">Slept 1 second</msg>
<status status="PASS" starttime="20231201 20:20:11.323" endtime="20231201 20:20:12.324"/>
</kw>
<kw name="Click Button" library="SeleniumLibrary">
<arg>${BUTTON_LOGIN}</arg>
<doc>Clicks the button identified by ``locator``.</doc>
<msg timestamp="20231201 20:20:12.325" level="INFO">Clicking button 'Log in'.</msg>
<status status="PASS" starttime="20231201 20:20:12.324" endtime="20231201 20:20:12.398"/>
</kw>
<status status="PASS" starttime="20231201 20:20:11.323" endtime="20231201 20:20:12.398"/>
</kw>
<kw name="Verify Success Login" library="login_resources">
<kw name="Wait Until Element Is Visible" library="SeleniumLibrary">
<arg>${BUTTON_TOGGLE}</arg>
<doc>Waits until the element ``locator`` is visible.</doc>
<status status="PASS" starttime="20231201 20:20:12.399" endtime="20231201 20:20:12.955"/>
</kw>
<status status="PASS" starttime="20231201 20:20:12.399" endtime="20231201 20:20:12.955"/>
</kw>
<status status="PASS" starttime="20231201 20:20:10.989" endtime="20231201 20:20:12.955"/>
</kw>
<kw name="Close Browser" library="login_resources" type="TEARDOWN">
<kw name="Close Browser" library="SeleniumLibrary">
<doc>Closes the current browser.</doc>
<status status="PASS" starttime="20231201 20:20:12.955" endtime="20231201 20:20:15.211"/>
</kw>
<status status="PASS" starttime="20231201 20:20:12.955" endtime="20231201 20:20:15.211"/>
</kw>
<tag>Positive Test</tag>
<status status="PASS" starttime="20231201 20:20:07.727" endtime="20231201 20:20:15.211"/>
</test>
<test id="s1-t2" name="LoginQMA2" line="17">
<kw name="Open My Browser" library="login_resources" type="SETUP">
<kw name="Open Browser" library="SeleniumLibrary">
<arg>${QMA_URL}</arg>
<arg>${BROWSER}</arg>
<doc>Opens a new browser instance to the optional ``url``.</doc>
<msg timestamp="20231201 20:20:15.213" level="INFO">Opening browser 'chrome' to base url 'https://testingqa-office.nexcloud.id/testingqa/automation/webui/login'.</msg>
<status status="PASS" starttime="20231201 20:20:15.213" endtime="20231201 20:20:17.606"/>
</kw>
<kw name="Maximize Browser Window" library="SeleniumLibrary">
<doc>Maximizes current browser window.</doc>
<status status="PASS" starttime="20231201 20:20:17.606" endtime="20231201 20:20:17.792"/>
</kw>
<kw name="Page Should Contain" library="SeleniumLibrary">
<arg>${VERIFY_NEX}</arg>
<doc>Verifies that current page contains ``text``.</doc>
<msg timestamp="20231201 20:20:17.825" level="INFO">Current page contains text 'Nex'.</msg>
<status status="PASS" starttime="20231201 20:20:17.792" endtime="20231201 20:20:17.825"/>
</kw>
<status status="PASS" starttime="20231201 20:20:15.213" endtime="20231201 20:20:17.826"/>
</kw>
<kw name="Invalid Login">
<arg>${USERNAME}</arg>
<arg>123</arg>
<kw name="Input Username" library="login_resources">
<arg>${username}</arg>
<kw name="Input Text" library="SeleniumLibrary">
<arg>${TEXTFIELD_USERNAME}</arg>
<arg>${username}</arg>
<doc>Types the given ``text`` into the text field identified by ``locator``.</doc>
<msg timestamp="20231201 20:20:17.828" level="INFO">Typing text 'daniel' into text field 'username'.</msg>
<status status="PASS" starttime="20231201 20:20:17.827" endtime="20231201 20:20:17.976"/>
</kw>
<status status="PASS" starttime="20231201 20:20:17.827" endtime="20231201 20:20:17.976"/>
</kw>
<kw name="Input Password" library="login_resources">
<arg>${password}</arg>
<kw name="Input Password" library="SeleniumLibrary">
<arg>${TEXTFIELD_PASSWORD}</arg>
<arg>${password}</arg>
<doc>Types the given password into the text field identified by ``locator``.</doc>
<msg timestamp="20231201 20:20:17.978" level="INFO">Typing password into text field 'password'.</msg>
<msg timestamp="20231201 20:20:18.032" level="INFO">Temporally setting log level to: NONE</msg>
<msg timestamp="20231201 20:20:18.106" level="INFO">Log level changed from NONE to INFO.</msg>
<status status="PASS" starttime="20231201 20:20:17.977" endtime="20231201 20:20:18.107"/>
</kw>
<status status="PASS" starttime="20231201 20:20:17.977" endtime="20231201 20:20:18.107"/>
</kw>
<kw name="Click Login Button" library="login_resources">
<kw name="Sleep" library="BuiltIn">
<arg>${TIMEOUT}</arg>
<doc>Pauses the test executed for the given time.</doc>
<msg timestamp="20231201 20:20:19.107" level="INFO">Slept 1 second</msg>
<status status="PASS" starttime="20231201 20:20:18.107" endtime="20231201 20:20:19.107"/>
</kw>
<kw name="Click Button" library="SeleniumLibrary">
<arg>${BUTTON_LOGIN}</arg>
<doc>Clicks the button identified by ``locator``.</doc>
<msg timestamp="20231201 20:20:19.107" level="INFO">Clicking button 'Log in'.</msg>
<status status="PASS" starttime="20231201 20:20:19.107" endtime="20231201 20:20:19.178"/>
</kw>
<status status="PASS" starttime="20231201 20:20:18.107" endtime="20231201 20:20:19.178"/>
</kw>
<kw name="Verify Invalid Login" library="login_resources">
<kw name="Wait Until Element Is Visible" library="SeleniumLibrary">
<arg>${POPUP_FAILED}</arg>
<doc>Waits until the element ``locator`` is visible.</doc>
<status status="PASS" starttime="20231201 20:20:19.178" endtime="20231201 20:20:19.442"/>
</kw>
<kw name="Page Should Contain" library="SeleniumLibrary">
<arg>${MESSAGE_FAILED_LOGIN}</arg>
<doc>Verifies that current page contains ``text``.</doc>
<msg timestamp="20231201 20:20:19.461" level="INFO">Current page contains text 'Oops! Login failed. Try Again.'.</msg>
<status status="PASS" starttime="20231201 20:20:19.442" endtime="20231201 20:20:19.461"/>
</kw>
<kw name="Click Element" library="SeleniumLibrary">
<arg>${BUTTON_CLOSE_POPUP_FAILED}</arg>
<doc>Click the element identified by ``locator``.</doc>
<msg timestamp="20231201 20:20:19.462" level="INFO">Clicking element '//span[@id='modal-close']'.</msg>
<status status="PASS" starttime="20231201 20:20:19.461" endtime="20231201 20:20:19.523"/>
</kw>
<status status="PASS" starttime="20231201 20:20:19.178" endtime="20231201 20:20:19.523"/>
</kw>
<status status="PASS" starttime="20231201 20:20:17.826" endtime="20231201 20:20:19.523"/>
</kw>
<kw name="Close Browser" library="login_resources" type="TEARDOWN">
<kw name="Close Browser" library="SeleniumLibrary">
<doc>Closes the current browser.</doc>
<status status="PASS" starttime="20231201 20:20:19.524" endtime="20231201 20:20:21.722"/>
</kw>
<status status="PASS" starttime="20231201 20:20:19.523" endtime="20231201 20:20:21.722"/>
</kw>
<tag>Negative Test</tag>
<status status="PASS" starttime="20231201 20:20:15.212" endtime="20231201 20:20:21.722"/>
</test>
<doc>Testing Login QMA Site</doc>
<status status="PASS" starttime="20231201 20:20:07.379" endtime="20231201 20:20:21.723"/>
</suite>
<statistics>
<total>
<stat pass="2" fail="0" skip="0">All Tests</stat>
</total>
<tag>
<stat pass="1" fail="0" skip="0">Negative Test</stat>
<stat pass="1" fail="0" skip="0">Positive Test</stat>
</tag>
<suite>
<stat pass="2" fail="0" skip="0" id="s1" name="LoginQMA testcase">LoginQMA testcase</stat>
</suite>
</statistics>
<errors>
</errors>
</robot>
