<?xml version="1.0" encoding="UTF-8"?>
<robot generator="Robot 6.1.1 (Python 3.12.0 on win32)" generated="20231201 21:50:39.930" rpa="false" schemaversion="4">
<suite id="s1" name="DailyQMA bdd" source="F:\!Belajar\Robot\robotframeworkqma\tests\DailyQMA_bdd.robot">
<test id="s1-t1" name="Scenario Insert Daily QMA" line="32">
<kw name="Given I am on login page">
<kw name="Open My Browser" library="login_resources">
<kw name="Open Browser" library="SeleniumLibrary">
<arg>${QMA_URL}</arg>
<arg>${BROWSER}</arg>
<doc>Opens a new browser instance to the optional ``url``.</doc>
<msg timestamp="20231201 21:50:40.264" level="INFO">Opening browser 'chrome' to base url 'https://testingqa-office.nexcloud.id/testingqa/automation/webui/login'.</msg>
<status status="PASS" starttime="20231201 21:50:40.264" endtime="20231201 21:50:45.666"/>
</kw>
<kw name="Maximize Browser Window" library="SeleniumLibrary">
<doc>Maximizes current browser window.</doc>
<status status="PASS" starttime="20231201 21:50:45.666" endtime="20231201 21:50:45.785"/>
</kw>
<kw name="Page Should Contain" library="SeleniumLibrary">
<arg>${VERIFY_NEX}</arg>
<doc>Verifies that current page contains ``text``.</doc>
<msg timestamp="20231201 21:50:45.807" level="INFO">Current page contains text 'Nex'.</msg>
<status status="PASS" starttime="20231201 21:50:45.785" endtime="20231201 21:50:45.807"/>
</kw>
<status status="PASS" starttime="20231201 21:50:40.263" endtime="20231201 21:50:45.807"/>
</kw>
<status status="PASS" starttime="20231201 21:50:40.263" endtime="20231201 21:50:45.807"/>
</kw>
<kw name="When I insert my username and password">
<kw name="Input Username" library="login_resources">
<arg>${USERNAME_ACCOUNT}</arg>
<kw name="Input Text" library="SeleniumLibrary">
<arg>${TEXTFIELD_USERNAME}</arg>
<arg>${username}</arg>
<doc>Types the given ``text`` into the text field identified by ``locator``.</doc>
<msg timestamp="20231201 21:50:45.809" level="INFO">Typing text 'daniel' into text field 'username'.</msg>
<status status="PASS" starttime="20231201 21:50:45.808" endtime="20231201 21:50:45.947"/>
</kw>
<status status="PASS" starttime="20231201 21:50:45.808" endtime="20231201 21:50:45.948"/>
</kw>
<kw name="Input Password" library="login_resources">
<arg>${PASSWORD_ACCOUNT}</arg>
<kw name="Input Password" library="SeleniumLibrary">
<arg>${TEXTFIELD_PASSWORD}</arg>
<arg>${password}</arg>
<doc>Types the given password into the text field identified by ``locator``.</doc>
<msg timestamp="20231201 21:50:45.949" level="INFO">Typing password into text field 'password'.</msg>
<msg timestamp="20231201 21:50:46.009" level="INFO">Temporally setting log level to: NONE</msg>
<msg timestamp="20231201 21:50:46.098" level="INFO">Log level changed from NONE to INFO.</msg>
<status status="PASS" starttime="20231201 21:50:45.948" endtime="20231201 21:50:46.098"/>
</kw>
<status status="PASS" starttime="20231201 21:50:45.948" endtime="20231201 21:50:46.098"/>
</kw>
<status status="PASS" starttime="20231201 21:50:45.807" endtime="20231201 21:50:46.098"/>
</kw>
<kw name="And click the login button">
<kw name="Click Login Button" library="login_resources">
<kw name="Sleep" library="BuiltIn">
<arg>${TIMEOUT}</arg>
<doc>Pauses the test executed for the given time.</doc>
<msg timestamp="20231201 21:50:47.100" level="INFO">Slept 1 second</msg>
<status status="PASS" starttime="20231201 21:50:46.099" endtime="20231201 21:50:47.100"/>
</kw>
<kw name="Click Button" library="SeleniumLibrary">
<arg>${BUTTON_LOGIN}</arg>
<doc>Clicks the button identified by ``locator``.</doc>
<msg timestamp="20231201 21:50:47.101" level="INFO">Clicking button 'Log in'.</msg>
<status status="PASS" starttime="20231201 21:50:47.100" endtime="20231201 21:50:47.178"/>
</kw>
<status status="PASS" starttime="20231201 21:50:46.099" endtime="20231201 21:50:47.179"/>
</kw>
<kw name="Verify Success Login" library="login_resources">
<kw name="Wait Until Element Is Visible" library="SeleniumLibrary">
<arg>${BUTTON_TOGGLE}</arg>
<doc>Waits until the element ``locator`` is visible.</doc>
<status status="PASS" starttime="20231201 21:50:47.179" endtime="20231201 21:50:48.014"/>
</kw>
<status status="PASS" starttime="20231201 21:50:47.179" endtime="20231201 21:50:48.014"/>
</kw>
<status status="PASS" starttime="20231201 21:50:46.099" endtime="20231201 21:50:48.014"/>
</kw>
<kw name="Then I should see my profile">
<kw name="Verify Success Login" library="login_resources">
<kw name="Wait Until Element Is Visible" library="SeleniumLibrary">
<arg>${BUTTON_TOGGLE}</arg>
<doc>Waits until the element ``locator`` is visible.</doc>
<status status="PASS" starttime="20231201 21:50:48.015" endtime="20231201 21:50:48.033"/>
</kw>
<status status="PASS" starttime="20231201 21:50:48.014" endtime="20231201 21:50:48.033"/>
</kw>
<kw name="Click Sidebar Toggle" library="login_resources">
<kw name="Sleep" library="BuiltIn">
<arg>${TIMEOUT}</arg>
<doc>Pauses the test executed for the given time.</doc>
<msg timestamp="20231201 21:50:49.033" level="INFO">Slept 1 second</msg>
<status status="PASS" starttime="20231201 21:50:48.033" endtime="20231201 21:50:49.033"/>
</kw>
<kw name="Click Element" library="SeleniumLibrary">
<arg>${BUTTON_TOGGLE}</arg>
<doc>Click the element identified by ``locator``.</doc>
<msg timestamp="20231201 21:50:49.033" level="INFO">Clicking element '//div[@id='toggle-btn']'.</msg>
<status status="PASS" starttime="20231201 21:50:49.033" endtime="20231201 21:50:49.069"/>
</kw>
<kw name="Verify my Profile" library="login_resources">
<kw name="Wait Until Element Is Visible" library="SeleniumLibrary">
<arg>${LABEL_NAME}</arg>
<doc>Waits until the element ``locator`` is visible.</doc>
<status status="PASS" starttime="20231201 21:50:49.070" endtime="20231201 21:50:49.307"/>
</kw>
<kw name="Page Should Contain" library="SeleniumLibrary">
<arg>${VERIFY_MY_NAME}</arg>
<doc>Verifies that current page contains ``text``.</doc>
<msg timestamp="20231201 21:50:49.330" level="INFO">Current page contains text 'Daniel'.</msg>
<status status="PASS" starttime="20231201 21:50:49.307" endtime="20231201 21:50:49.330"/>
</kw>
<status status="PASS" starttime="20231201 21:50:49.070" endtime="20231201 21:50:49.330"/>
</kw>
<status status="PASS" starttime="20231201 21:50:48.033" endtime="20231201 21:50:49.332"/>
</kw>
<kw name="Verify my Profile" library="login_resources">
<kw name="Wait Until Element Is Visible" library="SeleniumLibrary">
<arg>${LABEL_NAME}</arg>
<doc>Waits until the element ``locator`` is visible.</doc>
<status status="PASS" starttime="20231201 21:50:49.332" endtime="20231201 21:50:49.353"/>
</kw>
<kw name="Page Should Contain" library="SeleniumLibrary">
<arg>${VERIFY_MY_NAME}</arg>
<doc>Verifies that current page contains ``text``.</doc>
<msg timestamp="20231201 21:50:49.368" level="INFO">Current page contains text 'Daniel'.</msg>
<status status="PASS" starttime="20231201 21:50:49.353" endtime="20231201 21:50:49.368"/>
</kw>
<status status="PASS" starttime="20231201 21:50:49.332" endtime="20231201 21:50:49.368"/>
</kw>
<status status="PASS" starttime="20231201 21:50:48.014" endtime="20231201 21:50:49.368"/>
</kw>
<kw name="When I open menu my daily tracker">
<kw name="Open Menu Daily" library="mytracker_resources">
<kw name="Click Element" library="SeleniumLibrary">
<arg>${BUTTON_INSIGHT}</arg>
<doc>Click the element identified by ``locator``.</doc>
<msg timestamp="20231201 21:50:49.369" level="INFO">Clicking element '//body[1]/div[1]/div[6]/label[1]'.</msg>
<status status="PASS" starttime="20231201 21:50:49.369" endtime="20231201 21:50:49.427"/>
</kw>
<kw name="Sleep" library="BuiltIn">
<arg>${TIMEOUT}</arg>
<doc>Pauses the test executed for the given time.</doc>
<msg timestamp="20231201 21:50:50.428" level="INFO">Slept 1 second</msg>
<status status="PASS" starttime="20231201 21:50:49.427" endtime="20231201 21:50:50.428"/>
</kw>
<kw name="Click Element" library="SeleniumLibrary">
<arg>${BUTTON_MY_TRACKER}</arg>
<doc>Click the element identified by ``locator``.</doc>
<msg timestamp="20231201 21:50:50.428" level="INFO">Clicking element '//*[@id="myTrackerItem"]'.</msg>
<status status="PASS" starttime="20231201 21:50:50.428" endtime="20231201 21:50:50.467"/>
</kw>
<kw name="Select Frame" library="SeleniumLibrary">
<arg>${IFRAME_TRACKER}</arg>
<doc>Sets frame identified by ``locator`` as the current frame.</doc>
<msg timestamp="20231201 21:50:50.468" level="INFO">Selecting frame '//iframe[contains(@src,/testingqa/automation/webui/home/insights/checkins)]'.</msg>
<status status="PASS" starttime="20231201 21:50:50.467" endtime="20231201 21:50:50.717"/>
</kw>
<kw name="Page Should Contain Element" library="SeleniumLibrary">
<arg>${BUTTON_ADD_DAILY}</arg>
<doc>Verifies that element ``locator`` is found on the current page.</doc>
<msg timestamp="20231201 21:50:50.733" level="INFO">Current page contains element '//button[@id='buttonAdd']'.</msg>
<status status="PASS" starttime="20231201 21:50:50.717" endtime="20231201 21:50:50.733"/>
</kw>
<status status="PASS" starttime="20231201 21:50:49.368" endtime="20231201 21:50:50.733"/>
</kw>
<status status="PASS" starttime="20231201 21:50:49.368" endtime="20231201 21:50:50.733"/>
</kw>
<kw name="And insert my daily task">
<kw name="Click Button" library="SeleniumLibrary">
<arg>${BUTTON_ADD_DAILY}</arg>
<doc>Clicks the button identified by ``locator``.</doc>
<msg timestamp="20231201 21:50:50.734" level="INFO">Clicking button '//button[@id='buttonAdd']'.</msg>
<status status="PASS" starttime="20231201 21:50:50.734" endtime="20231201 21:50:50.850"/>
</kw>
<kw name="Insert CheckIn Date" library="mytracker_resources">
<arg>${CHECK_IN_DATE}</arg>
<kw name="Input Text" library="SeleniumLibrary">
<arg>${TEXTFIELD_DATE}</arg>
<arg>${date}</arg>
<doc>Types the given ``text`` into the text field identified by ``locator``.</doc>
<msg timestamp="20231201 21:50:50.851" level="INFO">Typing text '02/01/2021' into text field '//input[@id='checkinDate']'.</msg>
<status status="PASS" starttime="20231201 21:50:50.851" endtime="20231201 21:50:50.933"/>
</kw>
<kw name="Sleep" library="BuiltIn">
<arg>${TIMEOUT}</arg>
<doc>Pauses the test executed for the given time.</doc>
<msg timestamp="20231201 21:50:51.933" level="INFO">Slept 1 second</msg>
<status status="PASS" starttime="20231201 21:50:50.933" endtime="20231201 21:50:51.933"/>
</kw>
<status status="PASS" starttime="20231201 21:50:50.851" endtime="20231201 21:50:51.933"/>
</kw>
<kw name="Select Mood" library="mytracker_resources">
<arg>${AWESOME}</arg>
<kw name="Click Element" library="SeleniumLibrary">
<arg>${DROPDOWN_MOOD}</arg>
<doc>Click the element identified by ``locator``.</doc>
<msg timestamp="20231201 21:50:51.934" level="INFO">Clicking element '//select[@id='moodID']'.</msg>
<status status="PASS" starttime="20231201 21:50:51.933" endtime="20231201 21:50:52.033"/>
</kw>
<kw name="Select From List By Value" library="SeleniumLibrary">
<arg>${DROPDOWN_MOOD}</arg>
<arg>${mood}</arg>
<doc>Selects options from selection list ``locator`` by ``values``.</doc>
<msg timestamp="20231201 21:50:52.034" level="INFO">Selecting options from selection list '//select[@id='moodID']' by value 1.</msg>
<status status="PASS" starttime="20231201 21:50:52.033" endtime="20231201 21:50:52.114"/>
</kw>
<kw name="Sleep" library="BuiltIn">
<arg>${TIMEOUT}</arg>
<doc>Pauses the test executed for the given time.</doc>
<msg timestamp="20231201 21:50:53.115" level="INFO">Slept 1 second</msg>
<status status="PASS" starttime="20231201 21:50:52.114" endtime="20231201 21:50:53.115"/>
</kw>
<status status="PASS" starttime="20231201 21:50:51.933" endtime="20231201 21:50:53.115"/>
</kw>
<kw name="Select Status" library="mytracker_resources">
<arg>${WORKING_FROM_OFFICE}</arg>
<kw name="Click Element" library="SeleniumLibrary">
<arg>${DROPDOWN_STATUS}</arg>
<doc>Click the element identified by ``locator``.</doc>
<msg timestamp="20231201 21:50:53.116" level="INFO">Clicking element '//select[@id='statusID']'.</msg>
<status status="PASS" starttime="20231201 21:50:53.115" endtime="20231201 21:50:53.202"/>
</kw>
<kw name="Select From List By Value" library="SeleniumLibrary">
<arg>${DROPDOWN_STATUS}</arg>
<arg>${status}</arg>
<doc>Selects options from selection list ``locator`` by ``values``.</doc>
<msg timestamp="20231201 21:50:53.202" level="INFO">Selecting options from selection list '//select[@id='statusID']' by value 1.</msg>
<status status="PASS" starttime="20231201 21:50:53.202" endtime="20231201 21:50:53.260"/>
</kw>
<kw name="Sleep" library="BuiltIn">
<arg>${TIMEOUT}</arg>
<doc>Pauses the test executed for the given time.</doc>
<msg timestamp="20231201 21:50:54.261" level="INFO">Slept 1 second</msg>
<status status="PASS" starttime="20231201 21:50:53.260" endtime="20231201 21:50:54.261"/>
</kw>
<status status="PASS" starttime="20231201 21:50:53.115" endtime="20231201 21:50:54.261"/>
</kw>
<kw name="Select Project" library="mytracker_resources">
<arg>${NEXMILE}</arg>
<kw name="Click Element" library="SeleniumLibrary">
<arg>${DROPDOWN_PROJECT}</arg>
<doc>Click the element identified by ``locator``.</doc>
<msg timestamp="20231201 21:50:54.262" level="INFO">Clicking element '//select[@id='projectID']'.</msg>
<status status="PASS" starttime="20231201 21:50:54.261" endtime="20231201 21:50:54.362"/>
</kw>
<kw name="Select From List By Value" library="SeleniumLibrary">
<arg>${DROPDOWN_PROJECT}</arg>
<arg>${project}</arg>
<doc>Selects options from selection list ``locator`` by ``values``.</doc>
<msg timestamp="20231201 21:50:54.362" level="INFO">Selecting options from selection list '//select[@id='projectID']' by value 22.</msg>
<status status="PASS" starttime="20231201 21:50:54.362" endtime="20231201 21:50:54.443"/>
</kw>
<kw name="Sleep" library="BuiltIn">
<arg>${TIMEOUT}</arg>
<doc>Pauses the test executed for the given time.</doc>
<msg timestamp="20231201 21:50:55.443" level="INFO">Slept 1 second</msg>
<status status="PASS" starttime="20231201 21:50:54.443" endtime="20231201 21:50:55.443"/>
</kw>
<status status="PASS" starttime="20231201 21:50:54.261" endtime="20231201 21:50:55.443"/>
</kw>
<kw name="Select Form" library="mytracker_resources">
<arg>${DAILY_CHECK_IN}</arg>
<kw name="Click Element" library="SeleniumLibrary">
<arg>${DROPDOWN_FORM}</arg>
<doc>Click the element identified by ``locator``.</doc>
<msg timestamp="20231201 21:50:55.444" level="INFO">Clicking element '//select[@id='contextID']'.</msg>
<status status="PASS" starttime="20231201 21:50:55.443" endtime="20231201 21:50:55.551"/>
</kw>
<kw name="Select From List By Value" library="SeleniumLibrary">
<arg>${DROPDOWN_FORM}</arg>
<arg>${form}</arg>
<doc>Selects options from selection list ``locator`` by ``values``.</doc>
<msg timestamp="20231201 21:50:55.553" level="INFO">Selecting options from selection list '//select[@id='contextID']' by value 1.</msg>
<status status="PASS" starttime="20231201 21:50:55.551" endtime="20231201 21:50:55.627"/>
</kw>
<kw name="Sleep" library="BuiltIn">
<arg>${TIMEOUT}</arg>
<doc>Pauses the test executed for the given time.</doc>
<msg timestamp="20231201 21:50:56.627" level="INFO">Slept 1 second</msg>
<status status="PASS" starttime="20231201 21:50:55.627" endtime="20231201 21:50:56.627"/>
</kw>
<status status="PASS" starttime="20231201 21:50:55.443" endtime="20231201 21:50:56.627"/>
</kw>
<kw name="Insert Yesterday Task" library="mytracker_resources">
<arg>${YESTERDAY_TASK}</arg>
<kw name="Input Text" library="SeleniumLibrary">
<arg>${TEXTFIELD_YESTERDAY_TASK}</arg>
<arg>${yesterdayTask}</arg>
<doc>Types the given ``text`` into the text field identified by ``locator``.</doc>
<msg timestamp="20231201 21:50:56.628" level="INFO">Typing text '- Demo NexSam
 - Management Ticket
 - Create Backlog Nexmile dari Task dan CR 129775 dan 129769
 - Demo Direct Loan dengan Bank Fairbanc
' into text field '//div[@id="answersContainer"]/div[3]'.</msg>
<status status="PASS" starttime="20231201 21:50:56.627" endtime="20231201 21:50:56.836"/>
</kw>
<kw name="Sleep" library="BuiltIn">
<arg>${TIMEOUT}</arg>
<doc>Pauses the test executed for the given time.</doc>
<msg timestamp="20231201 21:50:57.837" level="INFO">Slept 1 second</msg>
<status status="PASS" starttime="20231201 21:50:56.836" endtime="20231201 21:50:57.837"/>
</kw>
<status status="PASS" starttime="20231201 21:50:56.627" endtime="20231201 21:50:57.837"/>
</kw>
<kw name="Insert Today Task" library="mytracker_resources">
<arg>${TODAY_TASK}</arg>
<kw name="Input Text" library="SeleniumLibrary">
<arg>${TEXTFIELD_TODAY_TASK}</arg>
<arg>${todayTask}</arg>
<doc>Types the given ``text`` into the text field identified by ``locator``.</doc>
<msg timestamp="20231201 21:50:57.839" level="INFO">Typing text '- Membuat Backlog Demo Nexsam, Demo Direct Loan dengan Fairbanc, Farmindo
 - Nexmile
 - Manual #140345 - Testing Penambahan validasi query ketika insert data customersubtype dan customertype - Done
 - Manual #140346 - Testing Perbaikan validasi insert user NexMile - Done
 - Manual #140386 - Testing Adjustment wording register - done
 - Nexlog
 - Manual #140318 - Testing Validation Response Get User - Done
 - Manual #140321 - Testing Validation Response Get Driver - Done
 - Manual #140323 - Testing Validation Reponse Get Push Parameter - Done' into text field '//div[@id="answersContainer"]/div[5]'.</msg>
<status status="PASS" starttime="20231201 21:50:57.838" endtime="20231201 21:50:58.629"/>
</kw>
<kw name="Sleep" library="BuiltIn">
<arg>${TIMEOUT}</arg>
<doc>Pauses the test executed for the given time.</doc>
<msg timestamp="20231201 21:50:59.630" level="INFO">Slept 1 second</msg>
<status status="PASS" starttime="20231201 21:50:58.630" endtime="20231201 21:50:59.630"/>
</kw>
<status status="PASS" starttime="20231201 21:50:57.838" endtime="20231201 21:50:59.631"/>
</kw>
<kw name="Insert Blocker Task" library="mytracker_resources">
<arg>${BLOCKER_TASK}</arg>
<kw name="Scroll Element Into View" library="SeleniumLibrary">
<arg>${TEXTFIELD_BLOCKER_TASK}</arg>
<doc>Scrolls the element identified by ``locator`` into view.</doc>
<status status="PASS" starttime="20231201 21:50:59.631" endtime="20231201 21:50:59.950"/>
</kw>
<kw name="Input Text" library="SeleniumLibrary">
<arg>${TEXTFIELD_BLOCKER_TASK}</arg>
<arg>${blockerTask}</arg>
<doc>Types the given ``text`` into the text field identified by ``locator``.</doc>
<msg timestamp="20231201 21:50:59.951" level="INFO">Typing text 'Tidak ada' into text field '//div[@id="answersContainer"]/div[7]'.</msg>
<status status="PASS" starttime="20231201 21:50:59.950" endtime="20231201 21:51:00.051"/>
</kw>
<kw name="Sleep" library="BuiltIn">
<arg>${TIMEOUT}</arg>
<doc>Pauses the test executed for the given time.</doc>
<msg timestamp="20231201 21:51:01.052" level="INFO">Slept 1 second</msg>
<status status="PASS" starttime="20231201 21:51:00.051" endtime="20231201 21:51:01.052"/>
</kw>
<status status="PASS" starttime="20231201 21:50:59.631" endtime="20231201 21:51:01.052"/>
</kw>
<kw name="Click Submit Daily" library="mytracker_resources">
<kw name="Scroll Element Into View" library="SeleniumLibrary">
<arg>${BUTTON_SUBMIT}</arg>
<doc>Scrolls the element identified by ``locator`` into view.</doc>
<status status="PASS" starttime="20231201 21:51:01.053" endtime="20231201 21:51:01.409"/>
</kw>
<kw name="Click Button" library="SeleniumLibrary">
<arg>${BUTTON_SUBMIT}</arg>
<doc>Clicks the button identified by ``locator``.</doc>
<msg timestamp="20231201 21:51:01.409" level="INFO">Clicking button '//button[@id='buttonSubmit']'.</msg>
<status status="PASS" starttime="20231201 21:51:01.409" endtime="20231201 21:51:01.505"/>
</kw>
<status status="PASS" starttime="20231201 21:51:01.052" endtime="20231201 21:51:01.505"/>
</kw>
<status status="PASS" starttime="20231201 21:50:50.734" endtime="20231201 21:51:01.505"/>
</kw>
<kw name="Then I should see a success message">
<kw name="Verify Success Submit Daily" library="mytracker_resources">
<kw name="Wait Until Element Is Visible" library="SeleniumLibrary">
<arg>${POPUP_SUCCESS}</arg>
<doc>Waits until the element ``locator`` is visible.</doc>
<status status="PASS" starttime="20231201 21:51:01.506" endtime="20231201 21:51:01.750"/>
</kw>
<kw name="Page Should Contain" library="SeleniumLibrary">
<arg>${MESSAGE_SUCCESS}</arg>
<doc>Verifies that current page contains ``text``.</doc>
<msg timestamp="20231201 21:51:01.816" level="INFO">Current page contains text 'Hooray! Sent successfully!'.</msg>
<status status="PASS" starttime="20231201 21:51:01.751" endtime="20231201 21:51:01.816"/>
</kw>
<kw name="Sleep" library="BuiltIn">
<arg>${TIMEOUT}</arg>
<doc>Pauses the test executed for the given time.</doc>
<msg timestamp="20231201 21:51:02.817" level="INFO">Slept 1 second</msg>
<status status="PASS" starttime="20231201 21:51:01.816" endtime="20231201 21:51:02.817"/>
</kw>
<status status="PASS" starttime="20231201 21:51:01.506" endtime="20231201 21:51:02.817"/>
</kw>
<status status="PASS" starttime="20231201 21:51:01.506" endtime="20231201 21:51:02.817"/>
</kw>
<kw name="And I log out">
<kw name="Click Logout Button" library="login_resources">
<kw name="Scroll Element Into View" library="SeleniumLibrary">
<arg>${SIDE_PREFERENCES}</arg>
<doc>Scrolls the element identified by ``locator`` into view.</doc>
<status status="PASS" starttime="20231201 21:51:02.818" endtime="20231201 21:51:03.106"/>
</kw>
<kw name="Click Element" library="SeleniumLibrary">
<arg>${SIDE_PREFERENCES}</arg>
<doc>Click the element identified by ``locator``.</doc>
<msg timestamp="20231201 21:51:03.107" level="INFO">Clicking element '//body/div[@id='sidebar']/div[14]/label[1]'.</msg>
<status status="PASS" starttime="20231201 21:51:03.107" endtime="20231201 21:51:03.164"/>
</kw>
<kw name="Sleep" library="BuiltIn">
<arg>${TIMEOUT}</arg>
<doc>Pauses the test executed for the given time.</doc>
<msg timestamp="20231201 21:51:04.164" level="INFO">Slept 1 second</msg>
<status status="PASS" starttime="20231201 21:51:03.164" endtime="20231201 21:51:04.164"/>
</kw>
<kw name="Click Element" library="SeleniumLibrary">
<arg>${BUTTON_LOGOUT}</arg>
<doc>Click the element identified by ``locator``.</doc>
<msg timestamp="20231201 21:51:04.165" level="INFO">Clicking element '//li[@id='logoutBtn']'.</msg>
<status status="PASS" starttime="20231201 21:51:04.164" endtime="20231201 21:51:04.235"/>
</kw>
<kw name="Sleep" library="BuiltIn">
<arg>${TIMEOUT}</arg>
<doc>Pauses the test executed for the given time.</doc>
<msg timestamp="20231201 21:51:05.235" level="INFO">Slept 1 second</msg>
<status status="PASS" starttime="20231201 21:51:04.235" endtime="20231201 21:51:05.235"/>
</kw>
<kw name="Click Button" library="SeleniumLibrary">
<arg>${BUTTON_CONFIRM_LOGOUT}</arg>
<doc>Clicks the button identified by ``locator``.</doc>
<msg timestamp="20231201 21:51:05.235" level="INFO">Clicking button 'confirmLogout'.</msg>
<status status="PASS" starttime="20231201 21:51:05.235" endtime="20231201 21:51:05.545"/>
</kw>
<status status="PASS" starttime="20231201 21:51:02.818" endtime="20231201 21:51:05.545"/>
</kw>
<kw name="Close Browser" library="login_resources">
<kw name="Close Browser" library="SeleniumLibrary">
<doc>Closes the current browser.</doc>
<status status="PASS" starttime="20231201 21:51:05.546" endtime="20231201 21:51:07.815"/>
</kw>
<status status="PASS" starttime="20231201 21:51:05.545" endtime="20231201 21:51:07.815"/>
</kw>
<status status="PASS" starttime="20231201 21:51:02.818" endtime="20231201 21:51:07.815"/>
</kw>
<status status="PASS" starttime="20231201 21:50:40.262" endtime="20231201 21:51:07.815"/>
</test>
<status status="PASS" starttime="20231201 21:50:39.931" endtime="20231201 21:51:07.816"/>
</suite>
<statistics>
<total>
<stat pass="1" fail="0" skip="0">All Tests</stat>
</total>
<tag>
</tag>
<suite>
<stat pass="1" fail="0" skip="0" id="s1" name="DailyQMA bdd">DailyQMA bdd</stat>
</suite>
</statistics>
<errors>
</errors>
</robot>
